<?xml version="1.0" encoding="UTF-8"?>
<!-- Generated by org.testng.reporters.JUnitXMLReporter -->
<testsuite ignored="0" hostname="KhanhNg208" failures="0" tests="6" name="Test_Chay_Nhom_Smoke" time="0.114" errors="0" timestamp="2026-03-10T15:13:03 ICT">
  <testcase classname="com.kiemthu.bai2.LoginTest" name="testLoginSuccess" time="0.004"/>
  <testcase classname="com.kiemthu.bai2.LoginTest" name="testLoginWrongPassword" time="0.0"/>
  <testcase classname="com.kiemthu.bai2.CartTest" name="testAddToCart" time="0.001"/>
  <testcase classname="com.kiemthu.bai2.CartTest" name="testRemoveFromCart" time="0.002"/>
  <testcase classname="com.kiemthu.bai2.CheckoutTest" name="testCancelCheckout" time="0.001"/>
  <testcase classname="com.kiemthu.bai2.CheckoutTest" name="testCheckoutSuccess" time="0.003"/>
</testsuite> <!-- Test_Chay_Nhom_Smoke -->
