<?xml version="1.0" encoding="UTF-8"?>
<testng-results ignored="0" total="2" passed="2" failed="0" skipped="0">
  <reporter-output>
  </reporter-output>
  <suite started-at="2026-03-10T15:38:06 ICT" name="Suite_Bai_2_2" finished-at="2026-03-10T15:38:18 ICT" duration-ms="11539">
    <groups>
    </groups>
    <test started-at="2026-03-10T15:38:06 ICT" name="Test_Parallel_Execution" finished-at="2026-03-10T15:38:18 ICT" duration-ms="11539">
      <class name="com.kiemthu.bai2_2.LoginTest">
        <test-method is-config="true" signature="setUp()[pri:0, instance:com.kiemthu.bai2_2.LoginTest@1dde4cb2]" started-at="2026-03-10T15:38:06 ICT" name="setUp" finished-at="2026-03-10T15:38:09 ICT" duration-ms="2667" status="PASS">
          <reporter-output>
          </reporter-output>
        </test-method> <!-- setUp -->
        <test-method signature="testLogin()[pri:0, instance:com.kiemthu.bai2_2.LoginTest@1dde4cb2]" started-at="2026-03-10T15:38:09 ICT" name="testLogin" finished-at="2026-03-10T15:38:18 ICT" duration-ms="8556" status="PASS">
          <reporter-output>
          </reporter-output>
        </test-method> <!-- testLogin -->
        <test-method is-config="true" signature="tearDown()[pri:0, instance:com.kiemthu.bai2_2.LoginTest@1dde4cb2]" started-at="2026-03-10T15:38:18 ICT" name="tearDown" finished-at="2026-03-10T15:38:18 ICT" duration-ms="259" status="PASS">
          <reporter-output>
          </reporter-output>
        </test-method> <!-- tearDown -->
      </class> <!-- com.kiemthu.bai2_2.LoginTest -->
      <class name="com.kiemthu.bai2_2.CartTest">
        <test-method is-config="true" signature="setUp()[pri:0, instance:com.kiemthu.bai2_2.CartTest@4cc451f2]" started-at="2026-03-10T15:38:06 ICT" name="setUp" finished-at="2026-03-10T15:38:09 ICT" duration-ms="2682" status="PASS">
          <reporter-output>
          </reporter-output>
        </test-method> <!-- setUp -->
        <test-method signature="testCart()[pri:0, instance:com.kiemthu.bai2_2.CartTest@4cc451f2]" started-at="2026-03-10T15:38:09 ICT" name="testCart" finished-at="2026-03-10T15:38:17 ICT" duration-ms="7584" status="PASS">
          <reporter-output>
          </reporter-output>
        </test-method> <!-- testCart -->
        <test-method is-config="true" signature="tearDown()[pri:0, instance:com.kiemthu.bai2_2.CartTest@4cc451f2]" started-at="2026-03-10T15:38:17 ICT" name="tearDown" finished-at="2026-03-10T15:38:17 ICT" duration-ms="391" status="PASS">
          <reporter-output>
          </reporter-output>
        </test-method> <!-- tearDown -->
      </class> <!-- com.kiemthu.bai2_2.CartTest -->
    </test> <!-- Test_Parallel_Execution -->
  </suite> <!-- Suite_Bai_2_2 -->
</testng-results>
