<?xml version="1.0" encoding="UTF-8"?>
<testsuite xmlns:xsi="http://www.w3.org/2001/XMLSchema-instance" xsi:noNamespaceSchemaLocation="https://maven.apache.org/surefire/maven-surefire-plugin/xsd/surefire-test-report-3.0.xsd" version="3.0" name="TestSuite" time="0.768" tests="6" errors="0" skipped="0" failures="0">
  <properties>
[...]
</properties>
  <testcase name="testLoginSuccess" classname="com.kiemthu.bai2.LoginTest" time="0.016">
    <system-out><![CDATA[[LoginTest] Chạy testLoginSuccess - Nhóm: smoke, regression
]]></system-out>
    <system-err><![CDATA[SLF4J(W): No SLF4J providers were found.
SLF4J(W): Defaulting to no-operation (NOP) logger implementation
SLF4J(W): See https://www.slf4j.org/codes.html#noProviders for further details.
SLF4J(W): Class path contains SLF4J bindings targeting slf4j-api versions 1.7.x or earlier.
SLF4J(W): Ignoring binding found at [jar:file:/C:/Users/Nguyen%20Quoc%20Khanh/.m2/repository/org/slf4j/slf4j-simple/1.7.36/slf4j-simple-1.7.36.jar!/org/slf4j/impl/StaticLoggerBinder.class]
SLF4J(W): See https://www.slf4j.org/codes.html#ignoredBindings for an explanation.
]]></system-err>
  </testcase>
  <testcase name="testLoginWrongPassword" classname="com.kiemthu.bai2.LoginTest" time="0.012">
    <system-out><![CDATA[[LoginTest] Chạy testLoginWrongPassword - Nhóm: regression
]]></system-out>
  </testcase>
  <testcase name="testAddToCart" classname="com.kiemthu.bai2.CartTest" time="0.006">
    <system-out><![CDATA[[CartTest] Chạy testAddToCart - Nhóm: smoke, regression
]]></system-out>
  </testcase>
  <testcase name="testRemoveFromCart" classname="com.kiemthu.bai2.CartTest" time="0.006">
    <system-out><![CDATA[[CartTest] Chạy testRemoveFromCart - Nhóm: regression
]]></system-out>
  </testcase>
  <testcase name="testCancelCheckout" classname="com.kiemthu.bai2.CheckoutTest" time="0.007">
    <system-out><![CDATA[[CheckoutTest] Chạy testCancelCheckout - Nhóm: regression
]]></system-out>
  </testcase>
  <testcase name="testCheckoutSuccess" classname="com.kiemthu.bai2.CheckoutTest" time="0.013">
    <system-out><![CDATA[[CheckoutTest] Chạy testCheckoutSuccess - Nhóm: smoke, regression
]]></system-out>
  </testcase>
</testsuite>