<?xml version="1.0" encoding="UTF-8"?>
<testng-results ignored="0" total="6" passed="6" failed="0" skipped="0">
  <reporter-output>
  </reporter-output>
  <suite started-at="2026-03-10T15:13:03 ICT" name="Suite_Bai_2_1" finished-at="2026-03-10T15:13:03 ICT" duration-ms="114">
    <groups>
      <group name="regression">
        <method signature="CartTest.testAddToCart()[pri:0, instance:com.kiemthu.bai2.CartTest@55b7a4e0]" name="testAddToCart" class="com.kiemthu.bai2.CartTest"/>
        <method signature="CartTest.testRemoveFromCart()[pri:0, instance:com.kiemthu.bai2.CartTest@55b7a4e0]" name="testRemoveFromCart" class="com.kiemthu.bai2.CartTest"/>
        <method signature="CheckoutTest.testCancelCheckout()[pri:0, instance:com.kiemthu.bai2.CheckoutTest@5f058f00]" name="testCancelCheckout" class="com.kiemthu.bai2.CheckoutTest"/>
        <method signature="CheckoutTest.testCheckoutSuccess()[pri:0, instance:com.kiemthu.bai2.CheckoutTest@5f058f00]" name="testCheckoutSuccess" class="com.kiemthu.bai2.CheckoutTest"/>
        <method signature="LoginTest.testLoginSuccess()[pri:0, instance:com.kiemthu.bai2.LoginTest@6a192cfe]" name="testLoginSuccess" class="com.kiemthu.bai2.LoginTest"/>
        <method signature="LoginTest.testLoginWrongPassword()[pri:0, instance:com.kiemthu.bai2.LoginTest@6a192cfe]" name="testLoginWrongPassword" class="com.kiemthu.bai2.LoginTest"/>
      </group> <!-- regression -->
      <group name="smoke">
        <method signature="CartTest.testAddToCart()[pri:0, instance:com.kiemthu.bai2.CartTest@55b7a4e0]" name="testAddToCart" class="com.kiemthu.bai2.CartTest"/>
        <method signature="CheckoutTest.testCheckoutSuccess()[pri:0, instance:com.kiemthu.bai2.CheckoutTest@5f058f00]" name="testCheckoutSuccess" class="com.kiemthu.bai2.CheckoutTest"/>
        <method signature="LoginTest.testLoginSuccess()[pri:0, instance:com.kiemthu.bai2.LoginTest@6a192cfe]" name="testLoginSuccess" class="com.kiemthu.bai2.LoginTest"/>
      </group> <!-- smoke -->
    </groups>
    <test started-at="2026-03-10T15:13:03 ICT" name="Test_Chay_Nhom_Smoke" finished-at="2026-03-10T15:13:03 ICT" duration-ms="114">
      <class name="com.kiemthu.bai2.CartTest">
        <test-method signature="testAddToCart()[pri:0, instance:com.kiemthu.bai2.CartTest@55b7a4e0]" started-at="2026-03-10T15:13:03 ICT" name="testAddToCart" finished-at="2026-03-10T15:13:03 ICT" duration-ms="1" status="PASS">
          <reporter-output>
          </reporter-output>
        </test-method> <!-- testAddToCart -->
        <test-method signature="testRemoveFromCart()[pri:0, instance:com.kiemthu.bai2.CartTest@55b7a4e0]" started-at="2026-03-10T15:13:03 ICT" name="testRemoveFromCart" finished-at="2026-03-10T15:13:03 ICT" duration-ms="2" status="PASS">
          <reporter-output>
          </reporter-output>
        </test-method> <!-- testRemoveFromCart -->
      </class> <!-- com.kiemthu.bai2.CartTest -->
      <class name="com.kiemthu.bai2.LoginTest">
        <test-method signature="testLoginSuccess()[pri:0, instance:com.kiemthu.bai2.LoginTest@6a192cfe]" started-at="2026-03-10T15:13:03 ICT" name="testLoginSuccess" finished-at="2026-03-10T15:13:03 ICT" duration-ms="4" status="PASS">
          <reporter-output>
          </reporter-output>
        </test-method> <!-- testLoginSuccess -->
        <test-method signature="testLoginWrongPassword()[pri:0, instance:com.kiemthu.bai2.LoginTest@6a192cfe]" started-at="2026-03-10T15:13:03 ICT" name="testLoginWrongPassword" finished-at="2026-03-10T15:13:03 ICT" duration-ms="0" status="PASS">
          <reporter-output>
          </reporter-output>
        </test-method> <!-- testLoginWrongPassword -->
      </class> <!-- com.kiemthu.bai2.LoginTest -->
      <class name="com.kiemthu.bai2.CheckoutTest">
        <test-method signature="testCancelCheckout()[pri:0, instance:com.kiemthu.bai2.CheckoutTest@5f058f00]" started-at="2026-03-10T15:13:03 ICT" name="testCancelCheckout" finished-at="2026-03-10T15:13:03 ICT" duration-ms="1" status="PASS">
          <reporter-output>
          </reporter-output>
        </test-method> <!-- testCancelCheckout -->
        <test-method signature="testCheckoutSuccess()[pri:0, instance:com.kiemthu.bai2.CheckoutTest@5f058f00]" started-at="2026-03-10T15:13:03 ICT" name="testCheckoutSuccess" finished-at="2026-03-10T15:13:03 ICT" duration-ms="3" status="PASS">
          <reporter-output>
          </reporter-output>
        </test-method> <!-- testCheckoutSuccess -->
      </class> <!-- com.kiemthu.bai2.CheckoutTest -->
    </test> <!-- Test_Chay_Nhom_Smoke -->
  </suite> <!-- Suite_Bai_2_1 -->
</testng-results>
