<?xml version="1.0" encoding="UTF-8"?>
<!-- Generated by org.testng.reporters.JUnitReportReporter -->
<testsuite hostname="KhanhNg208" failures="0" tests="2" name="com.kiemthu.bai2.LoginTest" time="0.004" errors="0" timestamp="2026-03-10T15:13:03 ICT" skipped="0">
  <testcase classname="com.kiemthu.bai2.LoginTest" name="testLoginWrongPassword" time="0.000"/>
  <testcase classname="com.kiemthu.bai2.LoginTest" name="testLoginSuccess" time="0.004"/>
</testsuite> <!-- com.kiemthu.bai2.LoginTest -->
